[     514ms] [INFO] %cDownload the React DevTools for a better development experience: https://react.dev/link/react-devtools font-weight:bold @ http://localhost:3457/_next/static/chunks/0qd5_next_dist_17cz2di._.js:2477
[     527ms] [LOG] [HMR] connected @ http://localhost:3457/_next/static/chunks/0qd5_next_dist_17cz2di._.js:2477
[     668ms] [LOG] [Fast Refresh] rebuilding @ http://localhost:3457/_next/static/chunks/0qd5_next_dist_17cz2di._.js:2477
[     755ms] [LOG] [Fast Refresh] done in 189ms @ http://localhost:3457/_next/static/chunks/0qd5_next_dist_17cz2di._.js:2477
[   22256ms] [LOG] [Fast Refresh] rebuilding @ http://localhost:3457/_next/static/chunks/0qd5_next_dist_17cz2di._.js:2477
[   22305ms] [LOG] [Fast Refresh] done in 150ms @ http://localhost:3457/_next/static/chunks/0qd5_next_dist_17cz2di._.js:2477
[   36914ms] [ERROR] Failed to load resource: net::ERR_INCOMPLETE_CHUNKED_ENCODING @ http://localhost:3457/api/live/18257739:0
[   37757ms] [ERROR] Failed to load resource: net::ERR_CONNECTION_REFUSED @ http://localhost:3457/api/market/18257739:0
[   37921ms] [ERROR] WebSocket connection to 'ws://localhost:3457/_next/webpack-hmr?id=bBJbff1RGhJbKTBEuAR-z' failed: Error in connection establishment: net::ERR_CONNECTION_REFUSED @ http://localhost:3457/_next/static/chunks/0qd5_next_dist_client_0mb4_cs._.js:13422
[   38924ms] [ERROR] WebSocket connection to 'ws://localhost:3457/_next/webpack-hmr?id=bBJbff1RGhJbKTBEuAR-z' failed: Error in connection establishment: net::ERR_CONNECTION_REFUSED @ http://localhost:3457/_next/static/chunks/0qd5_next_dist_client_0mb4_cs._.js:13422
[   39917ms] [ERROR] Failed to load resource: net::ERR_CONNECTION_REFUSED @ http://localhost:3457/api/live/18257739:0
[   39940ms] [ERROR] WebSocket connection to 'ws://localhost:3457/_next/webpack-hmr?id=bBJbff1RGhJbKTBEuAR-z' failed: Error in connection establishment: net::ERR_CONNECTION_REFUSED @ http://localhost:3457/_next/static/chunks/0qd5_next_dist_client_0mb4_cs._.js:13422
[   40944ms] [ERROR] WebSocket connection to 'ws://localhost:3457/_next/webpack-hmr?id=bBJbff1RGhJbKTBEuAR-z' failed: Error in connection establishment: net::ERR_CONNECTION_REFUSED @ http://localhost:3457/_next/static/chunks/0qd5_next_dist_client_0mb4_cs._.js:13422
[   41945ms] [ERROR] WebSocket connection to 'ws://localhost:3457/_next/webpack-hmr?id=bBJbff1RGhJbKTBEuAR-z' failed: Error in connection establishment: net::ERR_CONNECTION_REFUSED @ http://localhost:3457/_next/static/chunks/0qd5_next_dist_client_0mb4_cs._.js:13422
[   42920ms] [ERROR] Failed to load resource: net::ERR_CONNECTION_REFUSED @ http://localhost:3457/api/live/18257739:0
[   45922ms] [ERROR] Failed to load resource: net::ERR_CONNECTION_REFUSED @ http://localhost:3457/api/live/18257739:0
[   46947ms] [ERROR] WebSocket connection to 'ws://localhost:3457/_next/webpack-hmr?id=bBJbff1RGhJbKTBEuAR-z' failed: Error in connection establishment: net::ERR_CONNECTION_REFUSED @ http://localhost:3457/_next/static/chunks/0qd5_next_dist_client_0mb4_cs._.js:13422
[   48926ms] [ERROR] Failed to load resource: net::ERR_CONNECTION_REFUSED @ http://localhost:3457/api/live/18257739:0
[   49755ms] [ERROR] Failed to load resource: net::ERR_CONNECTION_REFUSED @ http://localhost:3457/api/market/18257739:0
[   51929ms] [ERROR] Failed to load resource: net::ERR_CONNECTION_REFUSED @ http://localhost:3457/api/live/18257739:0
[   51950ms] [ERROR] WebSocket connection to 'ws://localhost:3457/_next/webpack-hmr?id=bBJbff1RGhJbKTBEuAR-z' failed: Error in connection establishment: net::ERR_CONNECTION_REFUSED @ http://localhost:3457/_next/static/chunks/0qd5_next_dist_client_0mb4_cs._.js:13422
[   54930ms] [ERROR] Failed to load resource: net::ERR_CONNECTION_REFUSED @ http://localhost:3457/api/live/18257739:0
[   56953ms] [ERROR] WebSocket connection to 'ws://localhost:3457/_next/webpack-hmr?id=bBJbff1RGhJbKTBEuAR-z' failed: Error in connection establishment: net::ERR_CONNECTION_REFUSED @ http://localhost:3457/_next/static/chunks/0qd5_next_dist_client_0mb4_cs._.js:13422
[   57932ms] [ERROR] Failed to load resource: net::ERR_CONNECTION_REFUSED @ http://localhost:3457/api/live/18257739:0
[   60936ms] [ERROR] Failed to load resource: net::ERR_CONNECTION_REFUSED @ http://localhost:3457/api/live/18257739:0
[   61757ms] [ERROR] Failed to load resource: net::ERR_CONNECTION_REFUSED @ http://localhost:3457/api/market/18257739:0
[   61956ms] [ERROR] WebSocket connection to 'ws://localhost:3457/_next/webpack-hmr?id=bBJbff1RGhJbKTBEuAR-z' failed: Error in connection establishment: net::ERR_CONNECTION_REFUSED @ http://localhost:3457/_next/static/chunks/0qd5_next_dist_client_0mb4_cs._.js:13422
[   63940ms] [ERROR] Failed to load resource: net::ERR_CONNECTION_REFUSED @ http://localhost:3457/api/live/18257739:0
[   66942ms] [ERROR] Failed to load resource: net::ERR_CONNECTION_REFUSED @ http://localhost:3457/api/live/18257739:0
[   66958ms] [ERROR] WebSocket connection to 'ws://localhost:3457/_next/webpack-hmr?id=bBJbff1RGhJbKTBEuAR-z' failed: Error in connection establishment: net::ERR_CONNECTION_REFUSED @ http://localhost:3457/_next/static/chunks/0qd5_next_dist_client_0mb4_cs._.js:13422
[   69944ms] [ERROR] Failed to load resource: net::ERR_CONNECTION_REFUSED @ http://localhost:3457/api/live/18257739:0
[   71961ms] [ERROR] WebSocket connection to 'ws://localhost:3457/_next/webpack-hmr?id=bBJbff1RGhJbKTBEuAR-z' failed: Error in connection establishment: net::ERR_CONNECTION_REFUSED @ http://localhost:3457/_next/static/chunks/0qd5_next_dist_client_0mb4_cs._.js:13422
[   72946ms] [ERROR] Failed to load resource: net::ERR_CONNECTION_REFUSED @ http://localhost:3457/api/live/18257739:0
[   73755ms] [ERROR] Failed to load resource: net::ERR_CONNECTION_REFUSED @ http://localhost:3457/api/market/18257739:0
[   75948ms] [ERROR] Failed to load resource: net::ERR_CONNECTION_REFUSED @ http://localhost:3457/api/live/18257739:0
[   76965ms] [ERROR] WebSocket connection to 'ws://localhost:3457/_next/webpack-hmr?id=bBJbff1RGhJbKTBEuAR-z' failed: Error in connection establishment: net::ERR_CONNECTION_REFUSED @ http://localhost:3457/_next/static/chunks/0qd5_next_dist_client_0mb4_cs._.js:13422
