[      88ms] [INFO] %cDownload the React DevTools for a better development experience: https://react.dev/link/react-devtools font-weight:bold @ http://localhost:3457/_next/static/chunks/0qd5_next_dist_17cz2di._.js:2477
[     110ms] [LOG] [HMR] connected @ http://localhost:3457/_next/static/chunks/0qd5_next_dist_17cz2di._.js:2477
[     216ms] [LOG] [Fast Refresh] rebuilding @ http://localhost:3457/_next/static/chunks/0qd5_next_dist_17cz2di._.js:2477
[    1206ms] [LOG] [Fast Refresh] done in 1090ms @ http://localhost:3457/_next/static/chunks/0qd5_next_dist_17cz2di._.js:2477
[    3250ms] [ERROR] Failed to load resource: the server responded with a status of 502 (Bad Gateway) @ http://localhost:3457/api/matches:0
[   71234ms] [LOG] [Fast Refresh] rebuilding @ http://localhost:3457/_next/static/chunks/0qd5_next_dist_17cz2di._.js:2477
[   71452ms] [LOG] [Fast Refresh] done in 205ms @ http://localhost:3457/_next/static/chunks/0qd5_next_dist_17cz2di._.js:2477
[   97111ms] [LOG] [Fast Refresh] rebuilding @ http://localhost:3457/_next/static/chunks/0qd5_next_dist_17cz2di._.js:2477
[   97148ms] [LOG] [Fast Refresh] done in 107ms @ http://localhost:3457/_next/static/chunks/0qd5_next_dist_17cz2di._.js:2477
[  101299ms] [LOG] [Fast Refresh] rebuilding @ http://localhost:3457/_next/static/chunks/0qd5_next_dist_17cz2di._.js:2477
[  101652ms] [LOG] [Fast Refresh] done in 305ms @ http://localhost:3457/_next/static/chunks/0qd5_next_dist_17cz2di._.js:2477
[  101760ms] [LOG] [Fast Refresh] rebuilding @ http://localhost:3457/_next/static/chunks/0qd5_next_dist_17cz2di._.js:2477
[  101906ms] [LOG] [Fast Refresh] done in 247ms @ http://localhost:3457/_next/static/chunks/0qd5_next_dist_17cz2di._.js:2477
[  109485ms] [LOG] [Fast Refresh] rebuilding @ http://localhost:3457/_next/static/chunks/0qd5_next_dist_17cz2di._.js:2477
[  109553ms] [LOG] [Fast Refresh] done in 52ms @ http://localhost:3457/_next/static/chunks/0qd5_next_dist_17cz2di._.js:2477
[  130027ms] [LOG] [Fast Refresh] rebuilding @ http://localhost:3457/_next/static/chunks/0qd5_next_dist_17cz2di._.js:2477
[  130081ms] [LOG] [Fast Refresh] done in 51ms @ http://localhost:3457/_next/static/chunks/0qd5_next_dist_17cz2di._.js:2477
[  173602ms] [LOG] [Fast Refresh] rebuilding @ http://localhost:3457/_next/static/chunks/0qd5_next_dist_17cz2di._.js:2477
[  173668ms] [LOG] [Fast Refresh] done in 76ms @ http://localhost:3457/_next/static/chunks/0qd5_next_dist_17cz2di._.js:2477
[  174832ms] [ERROR] Failed to load resource: the server responded with a status of 502 (Bad Gateway) @ http://localhost:3457/api/matches:0
[  176078ms] [LOG] [Fast Refresh] rebuilding @ http://localhost:3457/_next/static/chunks/0qd5_next_dist_17cz2di._.js:2477
[  176106ms] [LOG] [Fast Refresh] done in 40ms @ http://localhost:3457/_next/static/chunks/0qd5_next_dist_17cz2di._.js:2477
[  195863ms] [LOG] [Fast Refresh] rebuilding @ http://localhost:3457/_next/static/chunks/0qd5_next_dist_17cz2di._.js:2477
[  195895ms] [LOG] [Fast Refresh] done in 57ms @ http://localhost:3457/_next/static/chunks/0qd5_next_dist_17cz2di._.js:2477
