[     101ms] [INFO] %cDownload the React DevTools for a better development experience: https://react.dev/link/react-devtools font-weight:bold @ http://localhost:3457/_next/static/chunks/0qd5_next_dist_17cz2di._.js:2477
[     110ms] [LOG] [HMR] connected @ http://localhost:3457/_next/static/chunks/0qd5_next_dist_17cz2di._.js:2477
[     218ms] [LOG] [Fast Refresh] rebuilding @ http://localhost:3457/_next/static/chunks/0qd5_next_dist_17cz2di._.js:2477
[     259ms] [LOG] [Fast Refresh] done in 141ms @ http://localhost:3457/_next/static/chunks/0qd5_next_dist_17cz2di._.js:2477
[   20187ms] [LOG] [Fast Refresh] rebuilding @ http://localhost:3457/_next/static/chunks/0qd5_next_dist_17cz2di._.js:2477
[   20201ms] [LOG] [Fast Refresh] done in 114ms @ http://localhost:3457/_next/static/chunks/0qd5_next_dist_17cz2di._.js:2477
[   44131ms] [LOG] [Fast Refresh] rebuilding @ http://localhost:3457/_next/static/chunks/0qd5_next_dist_17cz2di._.js:2477
[   44381ms] [LOG] [Fast Refresh] done in 351ms @ http://localhost:3457/_next/static/chunks/0qd5_next_dist_17cz2di._.js:2477
[   46230ms] [LOG] [Fast Refresh] rebuilding @ http://localhost:3457/_next/static/chunks/0qd5_next_dist_17cz2di._.js:2477
[   46552ms] [LOG] [Fast Refresh] done in 424ms @ http://localhost:3457/_next/static/chunks/0qd5_next_dist_17cz2di._.js:2477
[   74184ms] [LOG] [Fast Refresh] rebuilding @ http://localhost:3457/_next/static/chunks/0qd5_next_dist_17cz2di._.js:2477
[   74260ms] [LOG] [Fast Refresh] done in 176ms @ http://localhost:3457/_next/static/chunks/0qd5_next_dist_17cz2di._.js:2477
[  101164ms] [LOG] [Fast Refresh] rebuilding @ http://localhost:3457/_next/static/chunks/0qd5_next_dist_17cz2di._.js:2477
[  101181ms] [LOG] [Fast Refresh] done in 119ms @ http://localhost:3457/_next/static/chunks/0qd5_next_dist_17cz2di._.js:2477
[  163162ms] [LOG] [Fast Refresh] rebuilding @ http://localhost:3457/_next/static/chunks/0qd5_next_dist_17cz2di._.js:2477
[  163215ms] [LOG] [Fast Refresh] done in 155ms @ http://localhost:3457/_next/static/chunks/0qd5_next_dist_17cz2di._.js:2477
[  543755ms] [ERROR] Failed to load resource: net::ERR_INCOMPLETE_CHUNKED_ENCODING @ http://localhost:3457/api/replay/18241006?speed=60:0
[  544768ms] [ERROR] WebSocket connection to 'ws://localhost:3457/_next/webpack-hmr?id=pSVe_cAn3dbVRZZpf3XJ3' failed: Error in connection establishment: net::ERR_CONNECTION_REFUSED @ http://localhost:3457/_next/static/chunks/0qd5_next_dist_client_0mb4_cs._.js:13422
[  545769ms] [ERROR] WebSocket connection to 'ws://localhost:3457/_next/webpack-hmr?id=pSVe_cAn3dbVRZZpf3XJ3' failed: Error in connection establishment: net::ERR_CONNECTION_REFUSED @ http://localhost:3457/_next/static/chunks/0qd5_next_dist_client_0mb4_cs._.js:13422
[  546758ms] [ERROR] Failed to load resource: net::ERR_CONNECTION_REFUSED @ http://localhost:3457/api/replay/18241006?speed=60:0
[  546790ms] [ERROR] WebSocket connection to 'ws://localhost:3457/_next/webpack-hmr?id=pSVe_cAn3dbVRZZpf3XJ3' failed: Error in connection establishment: net::ERR_CONNECTION_REFUSED @ http://localhost:3457/_next/static/chunks/0qd5_next_dist_client_0mb4_cs._.js:13422
[  547791ms] [ERROR] WebSocket connection to 'ws://localhost:3457/_next/webpack-hmr?id=pSVe_cAn3dbVRZZpf3XJ3' failed: Error in connection establishment: net::ERR_CONNECTION_REFUSED @ http://localhost:3457/_next/static/chunks/0qd5_next_dist_client_0mb4_cs._.js:13422
[  548793ms] [ERROR] WebSocket connection to 'ws://localhost:3457/_next/webpack-hmr?id=pSVe_cAn3dbVRZZpf3XJ3' failed: Error in connection establishment: net::ERR_CONNECTION_REFUSED @ http://localhost:3457/_next/static/chunks/0qd5_next_dist_client_0mb4_cs._.js:13422
[  549760ms] [ERROR] Failed to load resource: net::ERR_CONNECTION_REFUSED @ http://localhost:3457/api/replay/18241006?speed=60:0
[  552762ms] [ERROR] Failed to load resource: net::ERR_CONNECTION_REFUSED @ http://localhost:3457/api/replay/18241006?speed=60:0
[  553796ms] [ERROR] WebSocket connection to 'ws://localhost:3457/_next/webpack-hmr?id=pSVe_cAn3dbVRZZpf3XJ3' failed: Error in connection establishment: net::ERR_CONNECTION_REFUSED @ http://localhost:3457/_next/static/chunks/0qd5_next_dist_client_0mb4_cs._.js:13422
[  555764ms] [ERROR] Failed to load resource: net::ERR_CONNECTION_REFUSED @ http://localhost:3457/api/replay/18241006?speed=60:0
[  558766ms] [ERROR] Failed to load resource: net::ERR_CONNECTION_REFUSED @ http://localhost:3457/api/replay/18241006?speed=60:0
[  558807ms] [ERROR] WebSocket connection to 'ws://localhost:3457/_next/webpack-hmr?id=pSVe_cAn3dbVRZZpf3XJ3' failed: Error in connection establishment: net::ERR_CONNECTION_REFUSED @ http://localhost:3457/_next/static/chunks/0qd5_next_dist_client_0mb4_cs._.js:13422
[  561768ms] [ERROR] Failed to load resource: net::ERR_CONNECTION_REFUSED @ http://localhost:3457/api/replay/18241006?speed=60:0
[  563830ms] [ERROR] WebSocket connection to 'ws://localhost:3457/_next/webpack-hmr?id=pSVe_cAn3dbVRZZpf3XJ3' failed: Error in connection establishment: net::ERR_CONNECTION_REFUSED @ http://localhost:3457/_next/static/chunks/0qd5_next_dist_client_0mb4_cs._.js:13422
[  564770ms] [ERROR] Failed to load resource: net::ERR_CONNECTION_REFUSED @ http://localhost:3457/api/replay/18241006?speed=60:0
[  567771ms] [ERROR] Failed to load resource: net::ERR_CONNECTION_REFUSED @ http://localhost:3457/api/replay/18241006?speed=60:0
[  568861ms] [ERROR] WebSocket connection to 'ws://localhost:3457/_next/webpack-hmr?id=pSVe_cAn3dbVRZZpf3XJ3' failed: Error in connection establishment: net::ERR_CONNECTION_REFUSED @ http://localhost:3457/_next/static/chunks/0qd5_next_dist_client_0mb4_cs._.js:13422
[  570773ms] [ERROR] Failed to load resource: net::ERR_CONNECTION_REFUSED @ http://localhost:3457/api/replay/18241006?speed=60:0
[  573776ms] [ERROR] Failed to load resource: net::ERR_CONNECTION_REFUSED @ http://localhost:3457/api/replay/18241006?speed=60:0
[  573912ms] [ERROR] WebSocket connection to 'ws://localhost:3457/_next/webpack-hmr?id=pSVe_cAn3dbVRZZpf3XJ3' failed: Error in connection establishment: net::ERR_CONNECTION_REFUSED @ http://localhost:3457/_next/static/chunks/0qd5_next_dist_client_0mb4_cs._.js:13422
[  576778ms] [ERROR] Failed to load resource: net::ERR_CONNECTION_REFUSED @ http://localhost:3457/api/replay/18241006?speed=60:0
[  579046ms] [ERROR] WebSocket connection to 'ws://localhost:3457/_next/webpack-hmr?id=pSVe_cAn3dbVRZZpf3XJ3' failed: Error in connection establishment: net::ERR_CONNECTION_REFUSED @ http://localhost:3457/_next/static/chunks/0qd5_next_dist_client_0mb4_cs._.js:13422
[  579780ms] [ERROR] Failed to load resource: net::ERR_CONNECTION_REFUSED @ http://localhost:3457/api/replay/18241006?speed=60:0
[  582782ms] [ERROR] Failed to load resource: net::ERR_CONNECTION_REFUSED @ http://localhost:3457/api/replay/18241006?speed=60:0
[  584181ms] [ERROR] WebSocket connection to 'ws://localhost:3457/_next/webpack-hmr?id=pSVe_cAn3dbVRZZpf3XJ3' failed: Error in connection establishment: net::ERR_CONNECTION_REFUSED @ http://localhost:3457/_next/static/chunks/0qd5_next_dist_client_0mb4_cs._.js:13422
