[     417ms] [INFO] %cDownload the React DevTools for a better development experience: https://react.dev/link/react-devtools font-weight:bold @ http://localhost:3457/_next/static/chunks/0qd5_next_dist_17cz2di._.js:2477
[     428ms] [LOG] [HMR] connected @ http://localhost:3457/_next/static/chunks/0qd5_next_dist_17cz2di._.js:2477
[     536ms] [LOG] [Fast Refresh] rebuilding @ http://localhost:3457/_next/static/chunks/0qd5_next_dist_17cz2di._.js:2477
[     545ms] [LOG] [Fast Refresh] done in 109ms @ http://localhost:3457/_next/static/chunks/0qd5_next_dist_17cz2di._.js:2477
[  106179ms] [ERROR] WebSocket connection to 'ws://localhost:3457/_next/webpack-hmr?id=-V7bP_rKlIKXg1SzoIXs9' failed: Error in connection establishment: net::ERR_CONNECTION_REFUSED @ http://localhost:3457/_next/static/chunks/0qd5_next_dist_client_0mb4_cs._.js:13422
[  106385ms] [ERROR] Failed to load resource: net::ERR_CONNECTION_REFUSED @ http://localhost:3457/api/live/17588320:0
[  107183ms] [ERROR] WebSocket connection to 'ws://localhost:3457/_next/webpack-hmr?id=-V7bP_rKlIKXg1SzoIXs9' failed: Error in connection establishment: net::ERR_CONNECTION_REFUSED @ http://localhost:3457/_next/static/chunks/0qd5_next_dist_client_0mb4_cs._.js:13422
[  108186ms] [ERROR] WebSocket connection to 'ws://localhost:3457/_next/webpack-hmr?id=-V7bP_rKlIKXg1SzoIXs9' failed: Error in connection establishment: net::ERR_CONNECTION_REFUSED @ http://localhost:3457/_next/static/chunks/0qd5_next_dist_client_0mb4_cs._.js:13422
[  109190ms] [ERROR] WebSocket connection to 'ws://localhost:3457/_next/webpack-hmr?id=-V7bP_rKlIKXg1SzoIXs9' failed: Error in connection establishment: net::ERR_CONNECTION_REFUSED @ http://localhost:3457/_next/static/chunks/0qd5_next_dist_client_0mb4_cs._.js:13422
[  109388ms] [ERROR] Failed to load resource: net::ERR_CONNECTION_REFUSED @ http://localhost:3457/api/live/17588320:0
[  110192ms] [ERROR] WebSocket connection to 'ws://localhost:3457/_next/webpack-hmr?id=-V7bP_rKlIKXg1SzoIXs9' failed: Error in connection establishment: net::ERR_CONNECTION_REFUSED @ http://localhost:3457/_next/static/chunks/0qd5_next_dist_client_0mb4_cs._.js:13422
[  112390ms] [ERROR] Failed to load resource: net::ERR_CONNECTION_REFUSED @ http://localhost:3457/api/live/17588320:0
[  115195ms] [ERROR] WebSocket connection to 'ws://localhost:3457/_next/webpack-hmr?id=-V7bP_rKlIKXg1SzoIXs9' failed: Error in connection establishment: net::ERR_CONNECTION_REFUSED @ http://localhost:3457/_next/static/chunks/0qd5_next_dist_client_0mb4_cs._.js:13422
[  115391ms] [ERROR] Failed to load resource: net::ERR_CONNECTION_REFUSED @ http://localhost:3457/api/live/17588320:0
[  118392ms] [ERROR] Failed to load resource: net::ERR_CONNECTION_REFUSED @ http://localhost:3457/api/live/17588320:0
[  120199ms] [ERROR] WebSocket connection to 'ws://localhost:3457/_next/webpack-hmr?id=-V7bP_rKlIKXg1SzoIXs9' failed: Error in connection establishment: net::ERR_CONNECTION_REFUSED @ http://localhost:3457/_next/static/chunks/0qd5_next_dist_client_0mb4_cs._.js:13422
[  121396ms] [ERROR] Failed to load resource: net::ERR_CONNECTION_REFUSED @ http://localhost:3457/api/live/17588320:0
[  124398ms] [ERROR] Failed to load resource: net::ERR_CONNECTION_REFUSED @ http://localhost:3457/api/live/17588320:0
[  125202ms] [ERROR] WebSocket connection to 'ws://localhost:3457/_next/webpack-hmr?id=-V7bP_rKlIKXg1SzoIXs9' failed: Error in connection establishment: net::ERR_CONNECTION_REFUSED @ http://localhost:3457/_next/static/chunks/0qd5_next_dist_client_0mb4_cs._.js:13422
[  127400ms] [ERROR] Failed to load resource: net::ERR_CONNECTION_REFUSED @ http://localhost:3457/api/live/17588320:0
[  130204ms] [ERROR] WebSocket connection to 'ws://localhost:3457/_next/webpack-hmr?id=-V7bP_rKlIKXg1SzoIXs9' failed: Error in connection establishment: net::ERR_CONNECTION_REFUSED @ http://localhost:3457/_next/static/chunks/0qd5_next_dist_client_0mb4_cs._.js:13422
[  130403ms] [ERROR] Failed to load resource: net::ERR_CONNECTION_REFUSED @ http://localhost:3457/api/live/17588320:0
[  133406ms] [ERROR] Failed to load resource: net::ERR_CONNECTION_REFUSED @ http://localhost:3457/api/live/17588320:0
[  135206ms] [ERROR] WebSocket connection to 'ws://localhost:3457/_next/webpack-hmr?id=-V7bP_rKlIKXg1SzoIXs9' failed: Error in connection establishment: net::ERR_CONNECTION_REFUSED @ http://localhost:3457/_next/static/chunks/0qd5_next_dist_client_0mb4_cs._.js:13422
[  136409ms] [ERROR] Failed to load resource: net::ERR_CONNECTION_REFUSED @ http://localhost:3457/api/live/17588320:0
[  139411ms] [ERROR] Failed to load resource: net::ERR_CONNECTION_REFUSED @ http://localhost:3457/api/live/17588320:0
[  140209ms] [ERROR] WebSocket connection to 'ws://localhost:3457/_next/webpack-hmr?id=-V7bP_rKlIKXg1SzoIXs9' failed: Error in connection establishment: net::ERR_CONNECTION_REFUSED @ http://localhost:3457/_next/static/chunks/0qd5_next_dist_client_0mb4_cs._.js:13422
[  142414ms] [ERROR] Failed to load resource: net::ERR_CONNECTION_REFUSED @ http://localhost:3457/api/live/17588320:0
[  145212ms] [ERROR] WebSocket connection to 'ws://localhost:3457/_next/webpack-hmr?id=-V7bP_rKlIKXg1SzoIXs9' failed: Error in connection establishment: net::ERR_CONNECTION_REFUSED @ http://localhost:3457/_next/static/chunks/0qd5_next_dist_client_0mb4_cs._.js:13422
